[15:43:40] [CanaryMod] [INFO]: Starting: CanaryMod 1.8.0-1.2.1-SNAPSHOT
[15:43:40] [CanaryMod] [INFO]: Canary Path: /vagrant/lib/CanaryMod-1.8.0-1.2.1-SNAPSHOT-shaded.jar & Working From: /vagrant/server
[15:43:40] [CanaryMod] [INFO]: Registered xml Database
[15:43:40] [CanaryMod] [INFO]: Found 1 plugins; total: 1
[15:43:42] [net.minecraft.server.dedicated.DedicatedServer] [INFO]: Starting minecraft server version 1.8
[15:43:42] [net.minecraft.server.dedicated.DedicatedServer] [INFO]: Loading properties
[15:43:42] [net.minecraft.server.dedicated.DedicatedServer] [INFO]: Generating keypair
[15:43:42] [net.minecraft.server.dedicated.DedicatedServer] [INFO]: Starting Minecraft server on *:25565
[15:43:42] [net.minecraft.server.dedicated.DedicatedServer] [WARN]: **** SERVER IS RUNNING IN OFFLINE/INSECURE MODE!
[15:43:42] [net.minecraft.server.dedicated.DedicatedServer] [WARN]: The server will make no attempt to authenticate usernames. Beware.
[15:43:42] [net.minecraft.server.dedicated.DedicatedServer] [WARN]: While this makes the game possible to play without internet access, it also opens up the ability for hackers to connect with any username they choose.
[15:43:42] [net.minecraft.server.dedicated.DedicatedServer] [WARN]: To change this, set "online-mode" to "true" in the server.properties file.
[15:43:42] [CanaryMod] [INFO]: Enabling early Plugins...
[15:43:43] [CanaryMod] [INFO]: Enabling late Plugins...
[15:43:43] [CanaryMod] [INFO]: Enabling plugin ScriptCraft
[15:43:44] [ScriptCraft] [WARN]: alias plugin is not yet supported in CanaryMod
[15:43:45] [ScriptCraft] [INFO]: Blackboard turned on for all players on server 192.168.0.9
[15:43:45] [ScriptCraft] [WARN]: commando-test not yet supported in CanaryMod
[15:43:45] [ScriptCraft] [WARN]: commando plugin is not yet supported in CanaryMod
[15:43:46] [ScriptCraft] [WARN]: cow-clicker minigame is not yet supported in CanaryMod and Craftbukkit
[15:43:46] [net.minecraft.server.MinecraftServer] [INFO]: Preparing start region for level Roshar_NORMAL (0)
[15:43:47] [net.minecraft.server.MinecraftServer] [INFO]: Preparing spawn area: 4%
[15:43:48] [net.minecraft.server.dedicated.DedicatedServer] [INFO]: Done (5.473s)! For help, type "help" or "?"
[15:43:48] [ScriptCraft] [INFO]: js-patch setTimeout() test complete
[15:43:55] [net.minecraft.server.management.ServerConfigurationManager] [INFO]: greghuc[/192.168.0.3:56137] logged in with entity id 389 at (360.18921518243815, 6.0, -336.4007386695203)
[15:43:56] [ScriptCraft] [INFO]: Enabling scripting for player greghuc
[15:43:56] [net.minecraft.server.MinecraftServer] [INFO]: greghuc joined the game
[15:43:59] [net.minecraft.server.MinecraftServer] [WARN]: Can't keep up! Did the system time change, or is the server overloaded? Running 2669ms behind, skipping 53 tick(s)
[15:45:25] [net.minecraft.server.MinecraftServer] [INFO]: Preparing start region for level Roshar_END (1)
[15:45:26] [net.minecraft.server.MinecraftServer] [INFO]: Preparing spawn area: 52%
[15:48:38] [net.minecraft.network.NetHandlerPlayServer] [INFO]: greghuc lost connection: Disconnected
[15:48:38] [net.minecraft.server.MinecraftServer] [INFO]: greghuc left the game
